<?xml version="1.0" encoding="UTF-8"?>
<testng-results ignored="0" total="1" passed="1" failed="0" skipped="0">
  <reporter-output>
  </reporter-output>
  <suite started-at="2025-07-14T16:48:20 IST" name="Default suite" finished-at="2025-07-14T16:48:20 IST" duration-ms="82">
    <groups>
    </groups>
    <test started-at="2025-07-14T16:48:20 IST" name="Default test" finished-at="2025-07-14T16:48:20 IST" duration-ms="82">
      <class name="com.testng.java.TestApp">
        <test-method signature="t()[pri:0, instance:com.testng.java.TestApp@460d0a57]" started-at="2025-07-14T16:48:20 IST" name="t" finished-at="2025-07-14T16:48:20 IST" duration-ms="19" status="PASS">
          <reporter-output>
          </reporter-output>
        </test-method> <!-- t -->
      </class> <!-- com.testng.java.TestApp -->
    </test> <!-- Default test -->
  </suite> <!-- Default suite -->
</testng-results>
